Arguments: 
  /Users/altair/.nvm/versions/node/v6.12.2/bin/node /Users/altair/.nvm/versions/node/v6.12.2/bin/yarn star

PATH: 
  /Users/altair/.rvm/gems/ruby-2.3.4/bin:/Users/altair/.rvm/gems/ruby-2.3.4@global/bin:/Users/altair/.rvm/rubies/ruby-2.3.4/bin:/Users/altair/.nvm/versions/node/v6.12.2/bin:/usr/local/bin:/Users/altair/anaconda3/bin:/Users/altair/bin:/usr/local/bin:/usr/bin:/bin:/usr/sbin:/sbin:/Users/altair/.rvm/bin:/Users/altair/.rvm/bin

Yarn version: 
  1.5.1

Node version: 
  6.12.2

Platform: 
  darwin x64

npm manifest: 
  {
    "name": "mern",
    "version": "1.0.0",
    "description": "",
    "main": "server.js",
    "scripts": {
      "server": "node server.js",
      "client": "node scripts/start-client.js",
      "start": "concurrently \"nodemon server.js\" \"npm run client\"",
      "build": "node scripts/build.js",
      "seed": "node scripts/seedDB.js",
      "test": "echo \"Error: no test specified\" && exit 1",
      "installDeps": "yarn && cd client && yarn"
    },
    "author": "",
    "license": "ISC",
    "devDependencies": {
      "concurrently": "^3.5.0",
      "nodemon": "^1.11.0"
    },
    "dependencies": {
      "body-parser": "^1.17.2",
      "dotenv": "^5.0.1",
      "express": "^4.15.4",
      "mongoose": "^5.0.11",
      "prop-types": "^15.6.1",
      "react": "^16.3.2",
      "react-alert": "^4.0.2",
      "react-alert-template-basic": "^1.0.0",
      "react-autosuggest": "^9.3.4",
      "react-dom": "^16.3.2",
      "react-responsive-modal": "^2.0.1",
      "react-router-dom": "^4.2.2",
      "react-transition-group": "^2.3.1"
    }
  }

yarn manifest: 
  No manifest

Lockfile: 
  No lockfile

Trace: 
  Error: Command "star" not found. Did you mean "start"?
      at MessageError.Error (native)
      at new MessageError (/Users/altair/.nvm/versions/node/v6.12.2/lib/node_modules/yarn/lib/cli.js:186:110)
      at /Users/altair/.nvm/versions/node/v6.12.2/lib/node_modules/yarn/lib/cli.js:87307:17
      at next (native)
      at step (/Users/altair/.nvm/versions/node/v6.12.2/lib/node_modules/yarn/lib/cli.js:98:30)
      at /Users/altair/.nvm/versions/node/v6.12.2/lib/node_modules/yarn/lib/cli.js:116:14
      at Promise.F (/Users/altair/.nvm/versions/node/v6.12.2/lib/node_modules/yarn/lib/cli.js:23451:28)
      at /Users/altair/.nvm/versions/node/v6.12.2/lib/node_modules/yarn/lib/cli.js:95:12
      at runCommand (/Users/altair/.nvm/versions/node/v6.12.2/lib/node_modules/yarn/lib/cli.js:87312:22)
      at Object.<anonymous> (/Users/altair/.nvm/versions/node/v6.12.2/lib/node_modules/yarn/lib/cli.js:87412:14)
